ubuntu@ubuntu1804:~/rosneuro_clean/catkin_ws$ catkin_make
Base path: /home/ubuntu/rosneuro_clean/catkin_ws
Source space: /home/ubuntu/rosneuro_clean/catkin_ws/src
Build space: /home/ubuntu/rosneuro_clean/catkin_ws/build
Devel space: /home/ubuntu/rosneuro_clean/catkin_ws/devel
Install space: /home/ubuntu/rosneuro_clean/catkin_ws/install
####
#### Running command: "cmake /home/ubuntu/rosneuro_clean/catkin_ws/src -DCATKIN_DEVEL_PREFIX=/home/ubuntu/rosneuro_clean/catkin_ws/devel -DCMAKE_INSTALL_PREFIX=/home/ubuntu/rosneuro_clean/catkin_ws/install -G Unix Makefiles" in "/home/ubuntu/rosneuro_clean/catkin_ws/build"
####
-- The C compiler identification is GNU 7.5.0
-- The CXX compiler identification is GNU 7.5.0
-- Check for working C compiler: /usr/bin/cc
-- Check for working C compiler: /usr/bin/cc -- works
-- Detecting C compiler ABI info
-- Detecting C compiler ABI info - done
-- Detecting C compile features
-- Detecting C compile features - done
-- Check for working CXX compiler: /usr/bin/c++
-- Check for working CXX compiler: /usr/bin/c++ -- works
-- Detecting CXX compiler ABI info
-- Detecting CXX compiler ABI info - done
-- Detecting CXX compile features
-- Detecting CXX compile features - done
-- Using CATKIN_DEVEL_PREFIX: /home/ubuntu/rosneuro_clean/catkin_ws/devel
-- Using CMAKE_PREFIX_PATH: /opt/ros/melodic
-- This workspace overlays: /opt/ros/melodic
-- Found PythonInterp: /usr/bin/python2 (found suitable version "2.7.17", minimum required is "2") 
-- Using PYTHON_EXECUTABLE: /usr/bin/python2
-- Using Debian Python package layout
-- Using empy: /usr/bin/empy
-- Using CATKIN_ENABLE_TESTING: ON
-- Call enable_testing()
-- Using CATKIN_TEST_RESULTS_DIR: /home/ubuntu/rosneuro_clean/catkin_ws/build/test_results
-- Found gtest sources under '/usr/src/googletest': gtests will be built
-- Found gmock sources under '/usr/src/googletest': gmock will be built
-- Found PythonInterp: /usr/bin/python2 (found version "2.7.17") 
-- Looking for pthread.h
-- Looking for pthread.h - found
-- Looking for pthread_create
-- Looking for pthread_create - not found
-- Looking for pthread_create in pthreads
-- Looking for pthread_create in pthreads - not found
-- Looking for pthread_create in pthread
-- Looking for pthread_create in pthread - found
-- Found Threads: TRUE  
-- Using Python nosetests: /usr/bin/nosetests-2.7
-- catkin 0.7.29
-- BUILD_SHARED_LIBS is on
-- BUILD_SHARED_LIBS is on
-- ~~~~~~~~~~~~~~~~~~~~~~~~~~~~~~~~~~~~~~~~~~~~~~~~~
-- ~~  traversing 13 packages in topological order:
-- ~~  - rosneuro_launchers
-- ~~  - rosneuro_msgs
-- ~~  - rosneuro_cybathlon
-- ~~  - rosneuro_data
-- ~~  - rosneuro_acquisition
-- ~~  - rosneuro_acquisition_dummydev
-- ~~  - rosneuro_acquisition_eegdev
-- ~~  - rosneuro_acquisition_lsl
-- ~~  - rosneuro_decisionmaking
-- ~~  - rosneuro_feedback
-- ~~  - rosneuro_processing
-- ~~  - rosneuro_recorder
-- ~~  - rosneuro_visualizer
-- ~~~~~~~~~~~~~~~~~~~~~~~~~~~~~~~~~~~~~~~~~~~~~~~~~
-- +++ processing catkin package: 'rosneuro_launchers'
-- ==> add_subdirectory(rosneuro_launchers)
-- +++ processing catkin package: 'rosneuro_msgs'
-- ==> add_subdirectory(rosneuro_msgs)
-- Using these message generators: gencpp;geneus;genlisp;gennodejs;genpy
-- rosneuro_msgs: 6 messages, 1 services
-- +++ processing catkin package: 'rosneuro_cybathlon'
-- ==> add_subdirectory(rosneuro_cybathlon)
-- +++ processing catkin package: 'rosneuro_data'
-- ==> add_subdirectory(rosneuro_data)
-- Found PkgConfig: /usr/bin/pkg-config (found version "0.29.1") 
-- +++ processing catkin package: 'rosneuro_acquisition'
-- ==> add_subdirectory(rosneuro_acquisition)
-- +++ processing catkin package: 'rosneuro_acquisition_dummydev'
-- ==> add_subdirectory(rosneuro_acquisition_plugins/rosneuro_acquisition_dummydev)
-- +++ processing catkin package: 'rosneuro_acquisition_eegdev'
-- ==> add_subdirectory(rosneuro_acquisition_plugins/rosneuro_acquisition_eegdev)
-- Library EEGDEV found. The plugin will be installed
-- +++ processing catkin package: 'rosneuro_acquisition_lsl'
-- ==> add_subdirectory(rosneuro_acquisition_plugins/rosneuro_acquisition_lsl)
-- Library LSL found. The plugin will be installed
-- +++ processing catkin package: 'rosneuro_decisionmaking'
-- ==> add_subdirectory(rosneuro_decisionmaking)
-- Checking for one of the modules 'wtkprocessing'
-- +++ processing catkin package: 'rosneuro_feedback'
-- ==> add_subdirectory(rosneuro_feedback)
-- +++ processing catkin package: 'rosneuro_processing'
-- ==> add_subdirectory(rosneuro_processing)
-- +++ processing catkin package: 'rosneuro_recorder'
-- ==> add_subdirectory(rosneuro_recorder)
-- +++ processing catkin package: 'rosneuro_visualizer'
-- ==> add_subdirectory(rosneuro_visualizer)
-- Configuring done
-- Generating done
-- Build files have been written to: /home/ubuntu/rosneuro_clean/catkin_ws/build

