This file contains any messages produced by compilers while
running configure, to aid debugging if configure makes a mistake.

It was created by mcpanel configure 0.0, which was
generated by GNU Autoconf 2.69.  Invocation command line was

  $ ./configure 

## --------- ##
## Platform. ##
## --------- ##

hostname = vips-bcilab-0
uname -m = x86_64
uname -r = 5.4.0-81-generic
uname -s = Linux
uname -v = #91~18.04.1-Ubuntu SMP Fri Jul 23 13:36:29 UTC 2021

/usr/bin/uname -p = unknown
/bin/uname -X     = unknown

/bin/arch              = unknown
/usr/bin/arch -k       = unknown
/usr/convex/getsysinfo = unknown
/usr/bin/hostinfo      = unknown
/bin/machine           = unknown
/usr/bin/oslevel       = unknown
/bin/universe          = unknown

PATH: /usr/local/sbin
PATH: /usr/local/bin
PATH: /usr/sbin
PATH: /usr/bin
PATH: /sbin
PATH: /bin
PATH: /snap/bin


## ----------- ##
## Core tests. ##
## ----------- ##

configure:2324: checking for a BSD-compatible install
configure:2392: result: /usr/bin/install -c
configure:2403: checking whether build environment is sane
configure:2458: result: yes
configure:2609: checking for a thread-safe mkdir -p
configure:2648: result: /bin/mkdir -p
configure:2655: checking for gawk
configure:2685: result: no
configure:2655: checking for mawk
configure:2671: found /usr/bin/mawk
configure:2682: result: mawk
configure:2693: checking whether make sets $(MAKE)
configure:2715: result: yes
configure:2744: checking whether make supports nested variables
configure:2761: result: yes
configure:2898: checking whether make supports nested variables
configure:2915: result: yes
configure:2931: checking build system type
configure:2945: result: x86_64-pc-linux-gnu
configure:2965: checking host system type
configure:2978: result: x86_64-pc-linux-gnu
configure:3013: checking for style of include used by make
configure:3041: result: GNU
configure:3112: checking for gcc
configure:3128: found /usr/bin/gcc
configure:3139: result: gcc
configure:3368: checking for C compiler version
configure:3377: gcc --version >&5
gcc (Ubuntu 7.5.0-3ubuntu1~18.04) 7.5.0
Copyright (C) 2017 Free Software Foundation, Inc.
This is free software; see the source for copying conditions.  There is NO
warranty; not even for MERCHANTABILITY or FITNESS FOR A PARTICULAR PURPOSE.

configure:3388: $? = 0
configure:3377: gcc -v >&5
Using built-in specs.
COLLECT_GCC=gcc
COLLECT_LTO_WRAPPER=/usr/lib/gcc/x86_64-linux-gnu/7/lto-wrapper
OFFLOAD_TARGET_NAMES=nvptx-none
OFFLOAD_TARGET_DEFAULT=1
Target: x86_64-linux-gnu
Configured with: ../src/configure -v --with-pkgversion='Ubuntu 7.5.0-3ubuntu1~18.04' --with-bugurl=file:///usr/share/doc/gcc-7/README.Bugs --enable-languages=c,ada,c++,go,brig,d,fortran,objc,obj-c++ --prefix=/usr --with-gcc-major-version-only --program-suffix=-7 --program-prefix=x86_64-linux-gnu- --enable-shared --enable-linker-build-id --libexecdir=/usr/lib --without-included-gettext --enable-threads=posix --libdir=/usr/lib --enable-nls --enable-bootstrap --enable-clocale=gnu --enable-libstdcxx-debug --enable-libstdcxx-time=yes --with-default-libstdcxx-abi=new --enable-gnu-unique-object --disable-vtable-verify --enable-libmpx --enable-plugin --enable-default-pie --with-system-zlib --with-target-system-zlib --enable-objc-gc=auto --enable-multiarch --disable-werror --with-arch-32=i686 --with-abi=m64 --with-multilib-list=m32,m64,mx32 --enable-multilib --with-tune=generic --enable-offload-targets=nvptx-none --without-cuda-driver --enable-checking=release --build=x86_64-linux-gnu --host=x86_64-linux-gnu --target=x86_64-linux-gnu
Thread model: posix
gcc version 7.5.0 (Ubuntu 7.5.0-3ubuntu1~18.04) 
configure:3388: $? = 0
configure:3377: gcc -V >&5
gcc: error: unrecognized command line option '-V'
gcc: fatal error: no input files
compilation terminated.
configure:3388: $? = 1
configure:3377: gcc -qversion >&5
gcc: error: unrecognized command line option '-qversion'; did you mean '--version'?
gcc: fatal error: no input files
compilation terminated.
configure:3388: $? = 1
configure:3408: checking whether the C compiler works
configure:3430: gcc    conftest.c  >&5
configure:3434: $? = 0
configure:3482: result: yes
configure:3485: checking for C compiler default output file name
configure:3487: result: a.out
configure:3493: checking for suffix of executables
configure:3500: gcc -o conftest    conftest.c  >&5
configure:3504: $? = 0
configure:3526: result: 
configure:3548: checking whether we are cross compiling
configure:3556: gcc -o conftest    conftest.c  >&5
configure:3560: $? = 0
configure:3567: ./conftest
configure:3571: $? = 0
configure:3586: result: no
configure:3591: checking for suffix of object files
configure:3613: gcc -c   conftest.c >&5
configure:3617: $? = 0
configure:3638: result: o
configure:3642: checking whether we are using the GNU C compiler
configure:3661: gcc -c   conftest.c >&5
configure:3661: $? = 0
configure:3670: result: yes
configure:3679: checking whether gcc accepts -g
configure:3699: gcc -c -g  conftest.c >&5
configure:3699: $? = 0
configure:3740: result: yes
configure:3757: checking for gcc option to accept ISO C89
configure:3820: gcc  -c -g -O2  conftest.c >&5
configure:3820: $? = 0
configure:3833: result: none needed
configure:3858: checking whether gcc understands -c and -o together
configure:3880: gcc -c conftest.c -o conftest2.o
configure:3883: $? = 0
configure:3880: gcc -c conftest.c -o conftest2.o
configure:3883: $? = 0
configure:3895: result: yes
configure:3914: checking dependency style of gcc
configure:4025: result: gcc3
configure:4040: checking for gcc option to accept ISO C99
configure:4189: gcc  -c -g -O2  conftest.c >&5
configure:4189: $? = 0
configure:4202: result: none needed
configure:4263: checking how to print strings
configure:4290: result: printf
configure:4311: checking for a sed that does not truncate output
configure:4375: result: /bin/sed
configure:4393: checking for grep that handles long lines and -e
configure:4451: result: /bin/grep
configure:4456: checking for egrep
configure:4518: result: /bin/grep -E
configure:4523: checking for fgrep
configure:4585: result: /bin/grep -F
configure:4620: checking for ld used by gcc
configure:4687: result: /usr/bin/ld
configure:4694: checking if the linker (/usr/bin/ld) is GNU ld
configure:4709: result: yes
configure:4721: checking for BSD- or MS-compatible name lister (nm)
configure:4775: result: /usr/bin/nm -B
configure:4905: checking the name lister (/usr/bin/nm -B) interface
configure:4912: gcc -c -g -O2  conftest.c >&5
configure:4915: /usr/bin/nm -B "conftest.o"
configure:4918: output
0000000000000000 B some_variable
configure:4925: result: BSD nm
configure:4928: checking whether ln -s works
configure:4932: result: yes
configure:4940: checking the maximum length of command line arguments
configure:5071: result: 1572864
configure:5119: checking how to convert x86_64-pc-linux-gnu file names to x86_64-pc-linux-gnu format
configure:5159: result: func_convert_file_noop
configure:5166: checking how to convert x86_64-pc-linux-gnu file names to toolchain format
configure:5186: result: func_convert_file_noop
configure:5193: checking for /usr/bin/ld option to reload object files
configure:5200: result: -r
configure:5274: checking for objdump
configure:5290: found /usr/bin/objdump
configure:5301: result: objdump
configure:5330: checking how to recognize dependent libraries
configure:5530: result: pass_all
configure:5615: checking for dlltool
configure:5645: result: no
configure:5672: checking how to associate runtime and link libraries
configure:5699: result: printf %s\n
configure:5760: checking for ar
configure:5776: found /usr/bin/ar
configure:5787: result: ar
configure:5824: checking for archiver @FILE support
configure:5841: gcc -c -g -O2  conftest.c >&5
configure:5841: $? = 0
configure:5844: ar cru libconftest.a @conftest.lst >&5
ar: `u' modifier ignored since `D' is the default (see `U')
configure:5847: $? = 0
configure:5852: ar cru libconftest.a @conftest.lst >&5
ar: `u' modifier ignored since `D' is the default (see `U')
ar: conftest.o: No such file or directory
configure:5855: $? = 1
configure:5867: result: @
configure:5925: checking for strip
configure:5941: found /usr/bin/strip
configure:5952: result: strip
configure:6024: checking for ranlib
configure:6040: found /usr/bin/ranlib
configure:6051: result: ranlib
configure:6153: checking command to parse /usr/bin/nm -B output from gcc object
configure:6306: gcc -c -g -O2  conftest.c >&5
configure:6309: $? = 0
configure:6313: /usr/bin/nm -B conftest.o \| sed -n -e 's/^.*[ ]\([ABCDGIRSTW][ABCDGIRSTW]*\)[ ][ ]*\([_A-Za-z][_A-Za-z0-9]*\)$/\1 \2 \2/p' | sed '/ __gnu_lto/d' \> conftest.nm
configure:6316: $? = 0
configure:6382: gcc -o conftest -g -O2   conftest.c conftstm.o >&5
configure:6385: $? = 0
configure:6423: result: ok
configure:6470: checking for sysroot
configure:6500: result: no
configure:6507: checking for a working dd
configure:6545: result: /bin/dd
configure:6549: checking how to truncate binary pipes
configure:6564: result: /bin/dd bs=4096 count=1
configure:6700: gcc -c -g -O2  conftest.c >&5
configure:6703: $? = 0
configure:6893: checking for mt
configure:6909: found /bin/mt
configure:6920: result: mt
configure:6943: checking if mt is a manifest tool
configure:6949: mt '-?'
configure:6957: result: no
configure:7634: checking how to run the C preprocessor
configure:7665: gcc -E  conftest.c
configure:7665: $? = 0
configure:7679: gcc -E  conftest.c
conftest.c:11:10: fatal error: ac_nonexistent.h: No such file or directory
 #include <ac_nonexistent.h>
          ^~~~~~~~~~~~~~~~~~
compilation terminated.
configure:7679: $? = 1
configure: failed program was:
| /* confdefs.h */
| #define PACKAGE_NAME "mcpanel"
| #define PACKAGE_TARNAME "mcpanel"
| #define PACKAGE_VERSION "0.0"
| #define PACKAGE_STRING "mcpanel 0.0"
| #define PACKAGE_BUGREPORT "nicolas.bourdaud@gmail.com"
| #define PACKAGE_URL ""
| #define PACKAGE "mcpanel"
| #define VERSION "0.0"
| /* end confdefs.h.  */
| #include <ac_nonexistent.h>
configure:7704: result: gcc -E
configure:7724: gcc -E  conftest.c
configure:7724: $? = 0
configure:7738: gcc -E  conftest.c
conftest.c:11:10: fatal error: ac_nonexistent.h: No such file or directory
 #include <ac_nonexistent.h>
          ^~~~~~~~~~~~~~~~~~
compilation terminated.
configure:7738: $? = 1
configure: failed program was:
| /* confdefs.h */
| #define PACKAGE_NAME "mcpanel"
| #define PACKAGE_TARNAME "mcpanel"
| #define PACKAGE_VERSION "0.0"
| #define PACKAGE_STRING "mcpanel 0.0"
| #define PACKAGE_BUGREPORT "nicolas.bourdaud@gmail.com"
| #define PACKAGE_URL ""
| #define PACKAGE "mcpanel"
| #define VERSION "0.0"
| /* end confdefs.h.  */
| #include <ac_nonexistent.h>
configure:7767: checking for ANSI C header files
configure:7787: gcc -c -g -O2  conftest.c >&5
configure:7787: $? = 0
configure:7860: gcc -o conftest -g -O2   conftest.c  >&5
configure:7860: $? = 0
configure:7860: ./conftest
configure:7860: $? = 0
configure:7871: result: yes
configure:7884: checking for sys/types.h
configure:7884: gcc -c -g -O2  conftest.c >&5
configure:7884: $? = 0
configure:7884: result: yes
configure:7884: checking for sys/stat.h
configure:7884: gcc -c -g -O2  conftest.c >&5
configure:7884: $? = 0
configure:7884: result: yes
configure:7884: checking for stdlib.h
configure:7884: gcc -c -g -O2  conftest.c >&5
configure:7884: $? = 0
configure:7884: result: yes
configure:7884: checking for string.h
configure:7884: gcc -c -g -O2  conftest.c >&5
configure:7884: $? = 0
configure:7884: result: yes
configure:7884: checking for memory.h
configure:7884: gcc -c -g -O2  conftest.c >&5
configure:7884: $? = 0
configure:7884: result: yes
configure:7884: checking for strings.h
configure:7884: gcc -c -g -O2  conftest.c >&5
configure:7884: $? = 0
configure:7884: result: yes
configure:7884: checking for inttypes.h
configure:7884: gcc -c -g -O2  conftest.c >&5
configure:7884: $? = 0
configure:7884: result: yes
configure:7884: checking for stdint.h
configure:7884: gcc -c -g -O2  conftest.c >&5
configure:7884: $? = 0
configure:7884: result: yes
configure:7884: checking for unistd.h
configure:7884: gcc -c -g -O2  conftest.c >&5
configure:7884: $? = 0
configure:7884: result: yes
configure:7898: checking for dlfcn.h
configure:7898: gcc -c -g -O2  conftest.c >&5
configure:7898: $? = 0
configure:7898: result: yes
configure:8451: checking for objdir
configure:8466: result: .libs
configure:8730: checking if gcc supports -fno-rtti -fno-exceptions
configure:8748: gcc -c -g -O2  -fno-rtti -fno-exceptions conftest.c >&5
cc1: warning: command line option '-fno-rtti' is valid for C++/ObjC++ but not for C
configure:8752: $? = 0
configure:8765: result: no
configure:9123: checking for gcc option to produce PIC
configure:9130: result: -fPIC -DPIC
configure:9138: checking if gcc PIC flag -fPIC -DPIC works
configure:9156: gcc -c -g -O2  -fPIC -DPIC -DPIC conftest.c >&5
configure:9160: $? = 0
configure:9173: result: yes
configure:9202: checking if gcc static flag -static works
configure:9230: result: yes
configure:9245: checking if gcc supports -c -o file.o
configure:9266: gcc -c -g -O2  -o out/conftest2.o conftest.c >&5
configure:9270: $? = 0
configure:9292: result: yes
configure:9300: checking if gcc supports -c -o file.o
configure:9347: result: yes
configure:9380: checking whether the gcc linker (/usr/bin/ld -m elf_x86_64) supports shared libraries
configure:10643: result: yes
configure:10680: checking whether -lc should be explicitly linked in
configure:10688: gcc -c -g -O2  conftest.c >&5
configure:10691: $? = 0
configure:10706: gcc -shared  -fPIC -DPIC conftest.o  -v -Wl,-soname -Wl,conftest -o conftest 2\>\&1 \| /bin/grep  -lc  \>/dev/null 2\>\&1
configure:10709: $? = 0
configure:10723: result: no
configure:10883: checking dynamic linker characteristics
configure:11464: gcc -o conftest -g -O2   -Wl,-rpath -Wl,/foo conftest.c  >&5
configure:11464: $? = 0
configure:11713: result: GNU/Linux ld.so
configure:11835: checking how to hardcode library paths into programs
configure:11860: result: immediate
configure:12408: checking whether stripping libraries is possible
configure:12413: result: yes
configure:12448: checking if libtool supports shared libraries
configure:12450: result: yes
configure:12453: checking whether to build shared libraries
configure:12478: result: yes
configure:12481: checking whether to build static libraries
configure:12485: result: no
configure:12529: checking whether the -Werror option is usable
configure:12548: gcc -c -g -O2 -Werror  conftest.c >&5
configure:12548: $? = 0
configure:12557: result: yes
configure:12559: checking for simple visibility declarations
configure:12586: gcc -c -g -O2 -fvisibility=hidden -Werror  conftest.c >&5
configure:12586: $? = 0
configure:12595: result: yes
configure:12691: checking for pkg-config
configure:12709: found /usr/bin/pkg-config
configure:12721: result: /usr/bin/pkg-config
configure:12746: checking pkg-config is at least version 0.9.0
configure:12749: result: yes
configure:12759: checking for GTK2
configure:12766: $PKG_CONFIG --exists --print-errors "gtk+-2.0"
configure:12769: $? = 0
configure:12783: $PKG_CONFIG --exists --print-errors "gtk+-2.0"
configure:12786: $? = 0
configure:12844: result: yes
configure:12850: checking for GTHREAD2
configure:12857: $PKG_CONFIG --exists --print-errors "gthread-2.0"
configure:12860: $? = 0
configure:12874: $PKG_CONFIG --exists --print-errors "gthread-2.0"
configure:12877: $? = 0
configure:12935: result: yes
configure:12940: checking for library containing rtf_create_filter
configure:12971: gcc -o conftest -g -O2   conftest.c  >&5
/tmp/ccd2SOTO.o: In function `main':
/home/bcilab/Projects/rosneuro_workspace_ubuntu/deps/mcpanel/conftest.c:37: undefined reference to `rtf_create_filter'
collect2: error: ld returned 1 exit status
configure:12971: $? = 1
configure: failed program was:
| /* confdefs.h */
| #define PACKAGE_NAME "mcpanel"
| #define PACKAGE_TARNAME "mcpanel"
| #define PACKAGE_VERSION "0.0"
| #define PACKAGE_STRING "mcpanel 0.0"
| #define PACKAGE_BUGREPORT "nicolas.bourdaud@gmail.com"
| #define PACKAGE_URL ""
| #define PACKAGE "mcpanel"
| #define VERSION "0.0"
| #define STDC_HEADERS 1
| #define HAVE_SYS_TYPES_H 1
| #define HAVE_SYS_STAT_H 1
| #define HAVE_STDLIB_H 1
| #define HAVE_STRING_H 1
| #define HAVE_MEMORY_H 1
| #define HAVE_STRINGS_H 1
| #define HAVE_INTTYPES_H 1
| #define HAVE_STDINT_H 1
| #define HAVE_UNISTD_H 1
| #define HAVE_DLFCN_H 1
| #define LT_OBJDIR ".libs/"
| #define HAVE_VISIBILITY 1
| #define LOCAL_FN __attribute__ ((visibility ("hidden")))
| #define API_EXPORTED __attribute__ ((visibility ("default")))
| /* end confdefs.h.  */
| 
| /* Override any GCC internal prototype to avoid an error.
|    Use char because int might match the return type of a GCC
|    builtin and then its argument prototype would still apply.  */
| #ifdef __cplusplus
| extern "C"
| #endif
| char rtf_create_filter ();
| int
| main ()
| {
| return rtf_create_filter ();
|   ;
|   return 0;
| }
configure:12971: gcc -o conftest -g -O2   conftest.c -lrtfilter   >&5
configure:12971: $? = 0
configure:12988: result: -lrtfilter
configure:13018: checking for library containing clock_gettime
configure:13049: gcc -o conftest -g -O2   conftest.c -lrtfilter  >&5
configure:13049: $? = 0
configure:13066: result: none required
configure:13074: checking for library containing clock_nanosleep
configure:13105: gcc -o conftest -g -O2   conftest.c -lrtfilter  >&5
configure:13105: $? = 0
configure:13122: result: none required
configure:13130: checking for struct timespec
configure:13130: gcc -c -g -O2  conftest.c >&5
configure:13130: $? = 0
configure:13130: gcc -c -g -O2  conftest.c >&5
conftest.c: In function 'main':
conftest.c:63:30: error: expected expression before ')' token
 if (sizeof ((struct timespec)))
                              ^
configure:13130: $? = 1
configure: failed program was:
| /* confdefs.h */
| #define PACKAGE_NAME "mcpanel"
| #define PACKAGE_TARNAME "mcpanel"
| #define PACKAGE_VERSION "0.0"
| #define PACKAGE_STRING "mcpanel 0.0"
| #define PACKAGE_BUGREPORT "nicolas.bourdaud@gmail.com"
| #define PACKAGE_URL ""
| #define PACKAGE "mcpanel"
| #define VERSION "0.0"
| #define STDC_HEADERS 1
| #define HAVE_SYS_TYPES_H 1
| #define HAVE_SYS_STAT_H 1
| #define HAVE_STDLIB_H 1
| #define HAVE_STRING_H 1
| #define HAVE_MEMORY_H 1
| #define HAVE_STRINGS_H 1
| #define HAVE_INTTYPES_H 1
| #define HAVE_STDINT_H 1
| #define HAVE_UNISTD_H 1
| #define HAVE_DLFCN_H 1
| #define LT_OBJDIR ".libs/"
| #define HAVE_VISIBILITY 1
| #define LOCAL_FN __attribute__ ((visibility ("hidden")))
| #define API_EXPORTED __attribute__ ((visibility ("default")))
| #define G_DISABLE_CAST_CHECKS /**/
| /* end confdefs.h.  */
| #include <stdio.h>
| #ifdef HAVE_SYS_TYPES_H
| # include <sys/types.h>
| #endif
| #ifdef HAVE_SYS_STAT_H
| # include <sys/stat.h>
| #endif
| #ifdef STDC_HEADERS
| # include <stdlib.h>
| # include <stddef.h>
| #else
| # ifdef HAVE_STDLIB_H
| #  include <stdlib.h>
| # endif
| #endif
| #ifdef HAVE_STRING_H
| # if !defined STDC_HEADERS && defined HAVE_MEMORY_H
| #  include <memory.h>
| # endif
| # include <string.h>
| #endif
| #ifdef HAVE_STRINGS_H
| # include <strings.h>
| #endif
| #ifdef HAVE_INTTYPES_H
| # include <inttypes.h>
| #endif
| #ifdef HAVE_STDINT_H
| # include <stdint.h>
| #endif
| #ifdef HAVE_UNISTD_H
| # include <unistd.h>
| #endif
| int
| main ()
| {
| if (sizeof ((struct timespec)))
| 	    return 0;
|   ;
|   return 0;
| }
configure:13130: result: yes
configure:13139: checking for clockid_t
configure:13139: gcc -c -g -O2  conftest.c >&5
configure:13139: $? = 0
configure:13139: gcc -c -g -O2  conftest.c >&5
conftest.c: In function 'main':
conftest.c:64:24: error: expected expression before ')' token
 if (sizeof ((clockid_t)))
                        ^
configure:13139: $? = 1
configure: failed program was:
| /* confdefs.h */
| #define PACKAGE_NAME "mcpanel"
| #define PACKAGE_TARNAME "mcpanel"
| #define PACKAGE_VERSION "0.0"
| #define PACKAGE_STRING "mcpanel 0.0"
| #define PACKAGE_BUGREPORT "nicolas.bourdaud@gmail.com"
| #define PACKAGE_URL ""
| #define PACKAGE "mcpanel"
| #define VERSION "0.0"
| #define STDC_HEADERS 1
| #define HAVE_SYS_TYPES_H 1
| #define HAVE_SYS_STAT_H 1
| #define HAVE_STDLIB_H 1
| #define HAVE_STRING_H 1
| #define HAVE_MEMORY_H 1
| #define HAVE_STRINGS_H 1
| #define HAVE_INTTYPES_H 1
| #define HAVE_STDINT_H 1
| #define HAVE_UNISTD_H 1
| #define HAVE_DLFCN_H 1
| #define LT_OBJDIR ".libs/"
| #define HAVE_VISIBILITY 1
| #define LOCAL_FN __attribute__ ((visibility ("hidden")))
| #define API_EXPORTED __attribute__ ((visibility ("default")))
| #define G_DISABLE_CAST_CHECKS /**/
| #define HAVE_STRUCT_TIMESPEC 1
| /* end confdefs.h.  */
| #include <stdio.h>
| #ifdef HAVE_SYS_TYPES_H
| # include <sys/types.h>
| #endif
| #ifdef HAVE_SYS_STAT_H
| # include <sys/stat.h>
| #endif
| #ifdef STDC_HEADERS
| # include <stdlib.h>
| # include <stddef.h>
| #else
| # ifdef HAVE_STDLIB_H
| #  include <stdlib.h>
| # endif
| #endif
| #ifdef HAVE_STRING_H
| # if !defined STDC_HEADERS && defined HAVE_MEMORY_H
| #  include <memory.h>
| # endif
| # include <string.h>
| #endif
| #ifdef HAVE_STRINGS_H
| # include <strings.h>
| #endif
| #ifdef HAVE_INTTYPES_H
| # include <inttypes.h>
| #endif
| #ifdef HAVE_STDINT_H
| # include <stdint.h>
| #endif
| #ifdef HAVE_UNISTD_H
| # include <unistd.h>
| #endif
| int
| main ()
| {
| if (sizeof ((clockid_t)))
| 	    return 0;
|   ;
|   return 0;
| }
configure:13139: result: yes
configure:13149: checking whether clock_gettime is declared
configure:13149: gcc -c -g -O2  conftest.c >&5
configure:13149: $? = 0
configure:13149: result: yes
configure:13160: checking whether clock_nanosleep is declared
configure:13160: gcc -c -g -O2  conftest.c >&5
configure:13160: $? = 0
configure:13160: result: yes
configure:13175: checking for nanosleep
configure:13175: gcc -o conftest -g -O2   conftest.c -lrtfilter  >&5
configure:13175: $? = 0
configure:13175: result: yes
configure:13175: checking for gettimeofday
configure:13175: gcc -o conftest -g -O2   conftest.c -lrtfilter  >&5
configure:13175: $? = 0
configure:13175: result: yes
configure:13175: checking for ftime
configure:13175: gcc -o conftest -g -O2   conftest.c -lrtfilter  >&5
configure:13175: $? = 0
configure:13175: result: yes
configure:13175: checking for _ftime
configure:13175: gcc -o conftest -g -O2   conftest.c -lrtfilter  >&5
/tmp/cchsSXvh.o: In function `main':
/home/bcilab/Projects/rosneuro_workspace_ubuntu/deps/mcpanel/conftest.c:68: undefined reference to `_ftime'
collect2: error: ld returned 1 exit status
configure:13175: $? = 1
configure: failed program was:
| /* confdefs.h */
| #define PACKAGE_NAME "mcpanel"
| #define PACKAGE_TARNAME "mcpanel"
| #define PACKAGE_VERSION "0.0"
| #define PACKAGE_STRING "mcpanel 0.0"
| #define PACKAGE_BUGREPORT "nicolas.bourdaud@gmail.com"
| #define PACKAGE_URL ""
| #define PACKAGE "mcpanel"
| #define VERSION "0.0"
| #define STDC_HEADERS 1
| #define HAVE_SYS_TYPES_H 1
| #define HAVE_SYS_STAT_H 1
| #define HAVE_STDLIB_H 1
| #define HAVE_STRING_H 1
| #define HAVE_MEMORY_H 1
| #define HAVE_STRINGS_H 1
| #define HAVE_INTTYPES_H 1
| #define HAVE_STDINT_H 1
| #define HAVE_UNISTD_H 1
| #define HAVE_DLFCN_H 1
| #define LT_OBJDIR ".libs/"
| #define HAVE_VISIBILITY 1
| #define LOCAL_FN __attribute__ ((visibility ("hidden")))
| #define API_EXPORTED __attribute__ ((visibility ("default")))
| #define G_DISABLE_CAST_CHECKS /**/
| #define HAVE_STRUCT_TIMESPEC 1
| #define HAVE_CLOCKID_T 1
| #define HAVE_DECL_CLOCK_GETTIME 1
| #define HAVE_DECL_CLOCK_NANOSLEEP 1
| #define HAVE_NANOSLEEP 1
| #define HAVE_GETTIMEOFDAY 1
| #define HAVE_FTIME 1
| /* end confdefs.h.  */
| /* Define _ftime to an innocuous variant, in case <limits.h> declares _ftime.
|    For example, HP-UX 11i <limits.h> declares gettimeofday.  */
| #define _ftime innocuous__ftime
| 
| /* System header to define __stub macros and hopefully few prototypes,
|     which can conflict with char _ftime (); below.
|     Prefer <limits.h> to <assert.h> if __STDC__ is defined, since
|     <limits.h> exists even on freestanding compilers.  */
| 
| #ifdef __STDC__
| # include <limits.h>
| #else
| # include <assert.h>
| #endif
| 
| #undef _ftime
| 
| /* Override any GCC internal prototype to avoid an error.
|    Use char because int might match the return type of a GCC
|    builtin and then its argument prototype would still apply.  */
| #ifdef __cplusplus
| extern "C"
| #endif
| char _ftime ();
| /* The GNU C library defines this for functions which it implements
|     to always fail with ENOSYS.  Some functions are actually named
|     something starting with __ and the normal name is an alias.  */
| #if defined __stub__ftime || defined __stub____ftime
| choke me
| #endif
| 
| int
| main ()
| {
| return _ftime ();
|   ;
|   return 0;
| }
configure:13175: result: no
configure:13184: checking GetSystemTimeAsFileTime
configure:13198: gcc -o conftest -g -O2   conftest.c -lrtfilter  >&5
conftest.c:34:10: fatal error: windows.h: No such file or directory
 #include <windows.h>
          ^~~~~~~~~~~
compilation terminated.
configure:13198: $? = 1
configure: failed program was:
| /* confdefs.h */
| #define PACKAGE_NAME "mcpanel"
| #define PACKAGE_TARNAME "mcpanel"
| #define PACKAGE_VERSION "0.0"
| #define PACKAGE_STRING "mcpanel 0.0"
| #define PACKAGE_BUGREPORT "nicolas.bourdaud@gmail.com"
| #define PACKAGE_URL ""
| #define PACKAGE "mcpanel"
| #define VERSION "0.0"
| #define STDC_HEADERS 1
| #define HAVE_SYS_TYPES_H 1
| #define HAVE_SYS_STAT_H 1
| #define HAVE_STDLIB_H 1
| #define HAVE_STRING_H 1
| #define HAVE_MEMORY_H 1
| #define HAVE_STRINGS_H 1
| #define HAVE_INTTYPES_H 1
| #define HAVE_STDINT_H 1
| #define HAVE_UNISTD_H 1
| #define HAVE_DLFCN_H 1
| #define LT_OBJDIR ".libs/"
| #define HAVE_VISIBILITY 1
| #define LOCAL_FN __attribute__ ((visibility ("hidden")))
| #define API_EXPORTED __attribute__ ((visibility ("default")))
| #define G_DISABLE_CAST_CHECKS /**/
| #define HAVE_STRUCT_TIMESPEC 1
| #define HAVE_CLOCKID_T 1
| #define HAVE_DECL_CLOCK_GETTIME 1
| #define HAVE_DECL_CLOCK_NANOSLEEP 1
| #define HAVE_NANOSLEEP 1
| #define HAVE_GETTIMEOFDAY 1
| #define HAVE_FTIME 1
| /* end confdefs.h.  */
| #include <windows.h>
| int
| main ()
| {
| GetSystemTimeAsFileTime(0);
|   ;
|   return 0;
| }
configure:13205: result: no
configure:13215: checking for clock_gettime
configure:13215: gcc -o conftest -g -O2   conftest.c -lrtfilter  >&5
configure:13215: $? = 0
configure:13215: result: yes
configure:13228: checking for clock_nanosleep
configure:13228: gcc -o conftest -g -O2   conftest.c -lrtfilter  >&5
configure:13228: $? = 0
configure:13228: result: yes
configure:13384: checking that generated files are newer than configure
configure:13390: result: done
configure:13413: creating ./config.status

## ---------------------- ##
## Running config.status. ##
## ---------------------- ##

This file was extended by mcpanel config.status 0.0, which was
generated by GNU Autoconf 2.69.  Invocation command line was

  CONFIG_FILES    = 
  CONFIG_HEADERS  = 
  CONFIG_LINKS    = 
  CONFIG_COMMANDS = 
  $ ./config.status 

on vips-bcilab-0

config.status:1127: creating Makefile
config.status:1127: creating lib/Makefile
config.status:1127: creating src/Makefile
config.status:1127: creating test/Makefile
config.status:1127: creating config/config.h
config.status:1308: config/config.h is unchanged
config.status:1356: executing depfiles commands
config.status:1356: executing libtool commands

## ---------------- ##
## Cache variables. ##
## ---------------- ##

ac_cv_build=x86_64-pc-linux-gnu
ac_cv_c_compiler_gnu=yes
ac_cv_env_CC_set=
ac_cv_env_CC_value=
ac_cv_env_CFLAGS_set=
ac_cv_env_CFLAGS_value=
ac_cv_env_CPPFLAGS_set=
ac_cv_env_CPPFLAGS_value=
ac_cv_env_CPP_set=
ac_cv_env_CPP_value=
ac_cv_env_GTHREAD2_CFLAGS_set=
ac_cv_env_GTHREAD2_CFLAGS_value=
ac_cv_env_GTHREAD2_LIBS_set=
ac_cv_env_GTHREAD2_LIBS_value=
ac_cv_env_GTK2_CFLAGS_set=
ac_cv_env_GTK2_CFLAGS_value=
ac_cv_env_GTK2_LIBS_set=
ac_cv_env_GTK2_LIBS_value=
ac_cv_env_LDFLAGS_set=
ac_cv_env_LDFLAGS_value=
ac_cv_env_LIBS_set=
ac_cv_env_LIBS_value=
ac_cv_env_LT_SYS_LIBRARY_PATH_set=
ac_cv_env_LT_SYS_LIBRARY_PATH_value=
ac_cv_env_PKG_CONFIG_LIBDIR_set=
ac_cv_env_PKG_CONFIG_LIBDIR_value=
ac_cv_env_PKG_CONFIG_PATH_set=
ac_cv_env_PKG_CONFIG_PATH_value=
ac_cv_env_PKG_CONFIG_set=
ac_cv_env_PKG_CONFIG_value=
ac_cv_env_build_alias_set=
ac_cv_env_build_alias_value=
ac_cv_env_host_alias_set=
ac_cv_env_host_alias_value=
ac_cv_env_target_alias_set=
ac_cv_env_target_alias_value=
ac_cv_func__ftime=no
ac_cv_func_clock_gettime=yes
ac_cv_func_clock_nanosleep=yes
ac_cv_func_ftime=yes
ac_cv_func_gettimeofday=yes
ac_cv_func_nanosleep=yes
ac_cv_have_decl_clock_gettime=yes
ac_cv_have_decl_clock_nanosleep=yes
ac_cv_header_dlfcn_h=yes
ac_cv_header_inttypes_h=yes
ac_cv_header_memory_h=yes
ac_cv_header_stdc=yes
ac_cv_header_stdint_h=yes
ac_cv_header_stdlib_h=yes
ac_cv_header_string_h=yes
ac_cv_header_strings_h=yes
ac_cv_header_sys_stat_h=yes
ac_cv_header_sys_types_h=yes
ac_cv_header_unistd_h=yes
ac_cv_host=x86_64-pc-linux-gnu
ac_cv_objext=o
ac_cv_path_EGREP='/bin/grep -E'
ac_cv_path_FGREP='/bin/grep -F'
ac_cv_path_GREP=/bin/grep
ac_cv_path_SED=/bin/sed
ac_cv_path_ac_pt_PKG_CONFIG=/usr/bin/pkg-config
ac_cv_path_install='/usr/bin/install -c'
ac_cv_path_lt_DD=/bin/dd
ac_cv_path_mkdir=/bin/mkdir
ac_cv_prog_AWK=mawk
ac_cv_prog_CPP='gcc -E'
ac_cv_prog_ac_ct_AR=ar
ac_cv_prog_ac_ct_CC=gcc
ac_cv_prog_ac_ct_MANIFEST_TOOL=mt
ac_cv_prog_ac_ct_OBJDUMP=objdump
ac_cv_prog_ac_ct_RANLIB=ranlib
ac_cv_prog_ac_ct_STRIP=strip
ac_cv_prog_cc_c89=
ac_cv_prog_cc_c99=
ac_cv_prog_cc_g=yes
ac_cv_prog_make_make_set=yes
ac_cv_search_clock_gettime='none required'
ac_cv_search_clock_nanosleep='none required'
ac_cv_search_rtf_create_filter=-lrtfilter
ac_cv_type_clockid_t=yes
ac_cv_type_struct_timespec=yes
am_cv_CC_dependencies_compiler_type=gcc3
am_cv_make_support_nested_variables=yes
am_cv_prog_cc_c_o=yes
gl_cv_cc_vis_werror=yes
gl_cv_cc_visibility=yes
lt_cv_ar_at_file=@
lt_cv_archive_cmds_need_lc=no
lt_cv_deplibs_check_method=pass_all
lt_cv_file_magic_cmd='$MAGIC_CMD'
lt_cv_file_magic_test_file=
lt_cv_ld_reload_flag=-r
lt_cv_nm_interface='BSD nm'
lt_cv_objdir=.libs
lt_cv_path_LD=/usr/bin/ld
lt_cv_path_NM='/usr/bin/nm -B'
lt_cv_path_mainfest_tool=no
lt_cv_prog_compiler_c_o=yes
lt_cv_prog_compiler_pic='-fPIC -DPIC'
lt_cv_prog_compiler_pic_works=yes
lt_cv_prog_compiler_rtti_exceptions=no
lt_cv_prog_compiler_static_works=yes
lt_cv_prog_gnu_ld=yes
lt_cv_sharedlib_from_linklib_cmd='printf %s\n'
lt_cv_shlibpath_overrides_runpath=yes
lt_cv_sys_global_symbol_pipe='sed -n -e '\''s/^.*[	 ]\([ABCDGIRSTW][ABCDGIRSTW]*\)[	 ][	 ]*\([_A-Za-z][_A-Za-z0-9]*\)$/\1 \2 \2/p'\'' | sed '\''/ __gnu_lto/d'\'''
lt_cv_sys_global_symbol_to_c_name_address='sed -n -e '\''s/^: \(.*\) .*$/  {"\1", (void *) 0},/p'\'' -e '\''s/^[ABCDGIRSTW][ABCDGIRSTW]* .* \(.*\)$/  {"\1", (void *) \&\1},/p'\'''
lt_cv_sys_global_symbol_to_c_name_address_lib_prefix='sed -n -e '\''s/^: \(.*\) .*$/  {"\1", (void *) 0},/p'\'' -e '\''s/^[ABCDGIRSTW][ABCDGIRSTW]* .* \(lib.*\)$/  {"\1", (void *) \&\1},/p'\'' -e '\''s/^[ABCDGIRSTW][ABCDGIRSTW]* .* \(.*\)$/  {"lib\1", (void *) \&\1},/p'\'''
lt_cv_sys_global_symbol_to_cdecl='sed -n -e '\''s/^T .* \(.*\)$/extern int \1();/p'\'' -e '\''s/^[ABCDGIRSTW][ABCDGIRSTW]* .* \(.*\)$/extern char \1;/p'\'''
lt_cv_sys_global_symbol_to_import=
lt_cv_sys_max_cmd_len=1572864
lt_cv_to_host_file_cmd=func_convert_file_noop
lt_cv_to_tool_file_cmd=func_convert_file_noop
lt_cv_truncate_bin='/bin/dd bs=4096 count=1'
pkg_cv_GTHREAD2_CFLAGS='-pthread -I/usr/include/glib-2.0 -I/usr/lib/x86_64-linux-gnu/glib-2.0/include'
pkg_cv_GTHREAD2_LIBS='-lgthread-2.0 -pthread -lglib-2.0'
pkg_cv_GTK2_CFLAGS='-pthread -I/usr/include/gtk-2.0 -I/usr/lib/x86_64-linux-gnu/gtk-2.0/include -I/usr/include/gio-unix-2.0/ -I/usr/include/cairo -I/usr/include/pango-1.0 -I/usr/include/atk-1.0 -I/usr/include/cairo -I/usr/include/pixman-1 -I/usr/include/gdk-pixbuf-2.0 -I/usr/include/libpng16 -I/usr/include/pango-1.0 -I/usr/include/harfbuzz -I/usr/include/pango-1.0 -I/usr/include/glib-2.0 -I/usr/lib/x86_64-linux-gnu/glib-2.0/include -I/usr/include/freetype2 -I/usr/include/libpng16 -I/usr/include/freetype2 -I/usr/include/libpng16'
pkg_cv_GTK2_LIBS='-lgtk-x11-2.0 -lgdk-x11-2.0 -lpangocairo-1.0 -latk-1.0 -lcairo -lgdk_pixbuf-2.0 -lgio-2.0 -lpangoft2-1.0 -lpango-1.0 -lgobject-2.0 -lglib-2.0 -lfontconfig -lfreetype'

## ----------------- ##
## Output variables. ##
## ----------------- ##

ACLOCAL='${SHELL} /home/bcilab/Projects/rosneuro_workspace_ubuntu/deps/mcpanel/build-aux/missing aclocal-1.15'
AGE='0'
AMDEPBACKSLASH='\'
AMDEP_FALSE='#'
AMDEP_TRUE=''
AMTAR='$${TAR-tar}'
AM_BACKSLASH='\'
AM_CPPFLAGS='-pthread -I/usr/include/gtk-2.0 -I/usr/lib/x86_64-linux-gnu/gtk-2.0/include -I/usr/include/gio-unix-2.0/ -I/usr/include/cairo -I/usr/include/pango-1.0 -I/usr/include/atk-1.0 -I/usr/include/cairo -I/usr/include/pixman-1 -I/usr/include/gdk-pixbuf-2.0 -I/usr/include/libpng16 -I/usr/include/pango-1.0 -I/usr/include/harfbuzz -I/usr/include/pango-1.0 -I/usr/include/glib-2.0 -I/usr/lib/x86_64-linux-gnu/glib-2.0/include -I/usr/include/freetype2 -I/usr/include/libpng16 -I/usr/include/freetype2 -I/usr/include/libpng16 -pthread -I/usr/include/glib-2.0 -I/usr/lib/x86_64-linux-gnu/glib-2.0/include'
AM_DEFAULT_V='$(AM_DEFAULT_VERBOSITY)'
AM_DEFAULT_VERBOSITY='0'
AM_LDFLAGS=' '
AM_V='$(V)'
AR='ar'
AS='as'
AUTOCONF='${SHELL} /home/bcilab/Projects/rosneuro_workspace_ubuntu/deps/mcpanel/build-aux/missing autoconf'
AUTOHEADER='${SHELL} /home/bcilab/Projects/rosneuro_workspace_ubuntu/deps/mcpanel/build-aux/missing autoheader'
AUTOMAKE='${SHELL} /home/bcilab/Projects/rosneuro_workspace_ubuntu/deps/mcpanel/build-aux/missing automake-1.15'
AWK='mawk'
CC='gcc'
CCDEPMODE='depmode=gcc3'
CFLAGS='-g -O2'
CFLAG_VISIBILITY='-fvisibility=hidden'
CPP='gcc -E'
CPPFLAGS=''
CURRENT='0'
CYGPATH_W='echo'
DATADIR='/usr/local/share'
DEFS='-DHAVE_CONFIG_H'
DEPDIR='.deps'
DLLTOOL='false'
DSYMUTIL=''
DUMPBIN=''
ECHO_C=''
ECHO_N='-n'
ECHO_T=''
EGREP='/bin/grep -E'
EXEEXT=''
FGREP='/bin/grep -F'
GREP='/bin/grep'
GTHREAD2_CFLAGS='-pthread -I/usr/include/glib-2.0 -I/usr/lib/x86_64-linux-gnu/glib-2.0/include'
GTHREAD2_LIBS='-lgthread-2.0 -pthread -lglib-2.0'
GTK2_CFLAGS='-pthread -I/usr/include/gtk-2.0 -I/usr/lib/x86_64-linux-gnu/gtk-2.0/include -I/usr/include/gio-unix-2.0/ -I/usr/include/cairo -I/usr/include/pango-1.0 -I/usr/include/atk-1.0 -I/usr/include/cairo -I/usr/include/pixman-1 -I/usr/include/gdk-pixbuf-2.0 -I/usr/include/libpng16 -I/usr/include/pango-1.0 -I/usr/include/harfbuzz -I/usr/include/pango-1.0 -I/usr/include/glib-2.0 -I/usr/lib/x86_64-linux-gnu/glib-2.0/include -I/usr/include/freetype2 -I/usr/include/libpng16 -I/usr/include/freetype2 -I/usr/include/libpng16'
GTK2_LIBS='-lgtk-x11-2.0 -lgdk-x11-2.0 -lpangocairo-1.0 -latk-1.0 -lcairo -lgdk_pixbuf-2.0 -lgio-2.0 -lpangoft2-1.0 -lpango-1.0 -lgobject-2.0 -lglib-2.0 -lfontconfig -lfreetype'
HAVE_VISIBILITY='1'
INSTALL_DATA='${INSTALL} -m 644'
INSTALL_PROGRAM='${INSTALL}'
INSTALL_SCRIPT='${INSTALL}'
INSTALL_STRIP_PROGRAM='$(install_sh) -c -s'
LD='/usr/bin/ld -m elf_x86_64'
LDFLAGS=''
LIBOBJS=''
LIBS='-lrtfilter  -lgtk-x11-2.0 -lgdk-x11-2.0 -lpangocairo-1.0 -latk-1.0 -lcairo -lgdk_pixbuf-2.0 -lgio-2.0 -lpangoft2-1.0 -lpango-1.0 -lgobject-2.0 -lglib-2.0 -lfontconfig -lfreetype -lgthread-2.0 -pthread -lglib-2.0'
LIBTOOL='$(SHELL) $(top_builddir)/libtool'
LIBTOOL_DEPS='build-aux/ltmain.sh'
LIPO=''
LN_S='ln -s'
LTLIBOBJS=''
LT_SYS_LIBRARY_PATH=''
MAKEINFO='${SHELL} /home/bcilab/Projects/rosneuro_workspace_ubuntu/deps/mcpanel/build-aux/missing makeinfo'
MANIFEST_TOOL=':'
MKDIR_P='/bin/mkdir -p'
NM='/usr/bin/nm -B'
NMEDIT=''
OBJDUMP='objdump'
OBJEXT='o'
OTOOL64=''
OTOOL=''
PACKAGE='mcpanel'
PACKAGE_BUGREPORT='nicolas.bourdaud@gmail.com'
PACKAGE_NAME='mcpanel'
PACKAGE_STRING='mcpanel 0.0'
PACKAGE_TARNAME='mcpanel'
PACKAGE_URL=''
PACKAGE_VERSION='0.0'
PATH_SEPARATOR=':'
PKG_CONFIG='/usr/bin/pkg-config'
PKG_CONFIG_LIBDIR=''
PKG_CONFIG_PATH=''
RANLIB='ranlib'
REVISION='0'
SED='/bin/sed'
SET_MAKE=''
SHELL='/bin/bash'
STRIP='strip'
VERSION='0.0'
ac_ct_AR='ar'
ac_ct_CC='gcc'
ac_ct_DUMPBIN=''
am__EXEEXT_FALSE=''
am__EXEEXT_TRUE='#'
am__fastdepCC_FALSE='#'
am__fastdepCC_TRUE=''
am__include='include'
am__isrc=''
am__leading_dot='.'
am__nodep='_no'
am__quote=''
am__tar='$${TAR-tar} chof - "$$tardir"'
am__untar='$${TAR-tar} xf -'
bindir='${exec_prefix}/bin'
build='x86_64-pc-linux-gnu'
build_alias=''
build_cpu='x86_64'
build_os='linux-gnu'
build_vendor='pc'
datadir='${datarootdir}'
datarootdir='${prefix}/share'
docdir='${datarootdir}/doc/${PACKAGE_TARNAME}'
dvidir='${docdir}'
exec_prefix='${prefix}'
host='x86_64-pc-linux-gnu'
host_alias=''
host_cpu='x86_64'
host_os='linux-gnu'
host_vendor='pc'
htmldir='${docdir}'
includedir='${prefix}/include'
infodir='${datarootdir}/info'
install_sh='${SHELL} /home/bcilab/Projects/rosneuro_workspace_ubuntu/deps/mcpanel/build-aux/install-sh'
libdir='${exec_prefix}/lib'
libexecdir='${exec_prefix}/libexec'
localedir='${datarootdir}/locale'
localstatedir='${prefix}/var'
mandir='${datarootdir}/man'
mkdir_p='$(MKDIR_P)'
oldincludedir='/usr/include'
pdfdir='${docdir}'
prefix='/usr/local'
program_transform_name='s,x,x,'
psdir='${docdir}'
runstatedir='${localstatedir}/run'
sbindir='${exec_prefix}/sbin'
sharedstatedir='${prefix}/com'
sysconfdir='${prefix}/etc'
target_alias=''

## ----------- ##
## confdefs.h. ##
## ----------- ##

/* confdefs.h */
#define PACKAGE_NAME "mcpanel"
#define PACKAGE_TARNAME "mcpanel"
#define PACKAGE_VERSION "0.0"
#define PACKAGE_STRING "mcpanel 0.0"
#define PACKAGE_BUGREPORT "nicolas.bourdaud@gmail.com"
#define PACKAGE_URL ""
#define PACKAGE "mcpanel"
#define VERSION "0.0"
#define STDC_HEADERS 1
#define HAVE_SYS_TYPES_H 1
#define HAVE_SYS_STAT_H 1
#define HAVE_STDLIB_H 1
#define HAVE_STRING_H 1
#define HAVE_MEMORY_H 1
#define HAVE_STRINGS_H 1
#define HAVE_INTTYPES_H 1
#define HAVE_STDINT_H 1
#define HAVE_UNISTD_H 1
#define HAVE_DLFCN_H 1
#define LT_OBJDIR ".libs/"
#define HAVE_VISIBILITY 1
#define LOCAL_FN __attribute__ ((visibility ("hidden")))
#define API_EXPORTED __attribute__ ((visibility ("default")))
#define G_DISABLE_CAST_CHECKS /**/
#define HAVE_STRUCT_TIMESPEC 1
#define HAVE_CLOCKID_T 1
#define HAVE_DECL_CLOCK_GETTIME 1
#define HAVE_DECL_CLOCK_NANOSLEEP 1
#define HAVE_NANOSLEEP 1
#define HAVE_GETTIMEOFDAY 1
#define HAVE_FTIME 1
#define HAVE_CLOCK_GETTIME 1
#define HAVE_CLOCK_NANOSLEEP 1
#define DATADIR "/usr/local/share"

configure: exit 0
